0:0:0:0:0:0:0:1 -  -  [27/Feb/2014:19:57:28 +0000] "GET / HTTP/1.1" 304 0 
0:0:0:0:0:0:0:1 -  -  [27/Feb/2014:19:57:28 +0000] "GET /favicon.ico HTTP/1.1" 404 1376 
0:0:0:0:0:0:0:1 -  -  [27/Feb/2014:19:57:37 +0000] "GET /eblog/ HTTP/1.1" 404 1371 
0:0:0:0:0:0:0:1 -  -  [27/Feb/2014:19:57:38 +0000] "GET /favicon.ico HTTP/1.1" 404 1376 
0:0:0:0:0:0:0:1 -  -  [27/Feb/2014:19:57:42 +0000] "GET /blog/ HTTP/1.1" 200 1144 
0:0:0:0:0:0:0:1 -  -  [27/Feb/2014:19:57:43 +0000] "GET /blog/static/stylesheets/jquery-ui-1.8.6.custom.css HTTP/1.1" 200 6154 
0:0:0:0:0:0:0:1 -  -  [27/Feb/2014:19:57:43 +0000] "GET /blog/static/stylesheets/jquery.snippet.min.css HTTP/1.1" 200 6064 
0:0:0:0:0:0:0:1 -  -  [27/Feb/2014:19:57:43 +0000] "GET /blog/static/stylesheets/main.css HTTP/1.1" 200 768 
0:0:0:0:0:0:0:1 -  -  [27/Feb/2014:19:57:43 +0000] "GET /blog/static/javascripts/sh_properties.min.js HTTP/1.1" 200 155 
0:0:0:0:0:0:0:1 -  -  [27/Feb/2014:19:57:43 +0000] "GET /blog/static/javascripts/scooter.js HTTP/1.1" 200 945 
0:0:0:0:0:0:0:1 -  -  [27/Feb/2014:19:57:43 +0000] "GET /blog/static/javascripts/app.js HTTP/1.1" 200 519 
0:0:0:0:0:0:0:1 -  -  [27/Feb/2014:19:57:43 +0000] "GET /blog/static/javascripts/jquery-1.4.4.min.js HTTP/1.1" 200 27106 
0:0:0:0:0:0:0:1 -  -  [27/Feb/2014:19:57:43 +0000] "GET /blog/static/javascripts/jquery.snippet.min.js HTTP/1.1" 200 9248 
0:0:0:0:0:0:0:1 -  -  [27/Feb/2014:19:57:43 +0000] "GET /blog/static/javascripts/jquery-ui-1.8.6.custom.min.js HTTP/1.1" 200 51259 
0:0:0:0:0:0:0:1 -  -  [27/Feb/2014:19:57:44 +0000] "GET /blog/static/images/favicon.ico HTTP/1.1" 200 234 
0:0:0:0:0:0:0:1 -  -  [27/Feb/2014:19:57:48 +0000] "GET /blog/posts HTTP/1.1" 200 769 
0:0:0:0:0:0:0:1 -  -  [27/Feb/2014:19:57:53 +0000] "GET /blog/posts HTTP/1.1" 200 769 
0:0:0:0:0:0:0:1 -  -  [27/Feb/2014:19:57:53 +0000] "GET /blog/static/stylesheets/jquery-ui-1.8.6.custom.css HTTP/1.1" 200 6154 
0:0:0:0:0:0:0:1 -  -  [27/Feb/2014:19:57:53 +0000] "GET /blog/static/stylesheets/main.css HTTP/1.1" 200 768 
0:0:0:0:0:0:0:1 -  -  [27/Feb/2014:19:57:53 +0000] "GET /blog/static/stylesheets/jquery.snippet.min.css HTTP/1.1" 200 6064 
0:0:0:0:0:0:0:1 -  -  [27/Feb/2014:19:57:53 +0000] "GET /blog/static/javascripts/jquery-ui-1.8.6.custom.min.js HTTP/1.1" 200 51259 
0:0:0:0:0:0:0:1 -  -  [27/Feb/2014:19:57:53 +0000] "GET /blog/static/javascripts/scooter.js HTTP/1.1" 200 945 
0:0:0:0:0:0:0:1 -  -  [27/Feb/2014:19:57:53 +0000] "GET /blog/static/javascripts/jquery-1.4.4.min.js HTTP/1.1" 200 27106 
0:0:0:0:0:0:0:1 -  -  [27/Feb/2014:19:57:53 +0000] "GET /blog/static/javascripts/sh_properties.min.js HTTP/1.1" 200 155 
0:0:0:0:0:0:0:1 -  -  [27/Feb/2014:19:57:53 +0000] "GET /blog/static/javascripts/jquery.snippet.min.js HTTP/1.1" 200 9248 
0:0:0:0:0:0:0:1 -  -  [27/Feb/2014:19:57:53 +0000] "GET /blog/static/javascripts/app.js HTTP/1.1" 200 519 
0:0:0:0:0:0:0:1 -  -  [27/Feb/2014:19:57:55 +0000] "GET /blog/posts HTTP/1.1" 200 769 
0:0:0:0:0:0:0:1 -  -  [27/Feb/2014:19:57:55 +0000] "GET /blog/static/stylesheets/jquery-ui-1.8.6.custom.css HTTP/1.1" 200 6154 
0:0:0:0:0:0:0:1 -  -  [27/Feb/2014:19:57:55 +0000] "GET /blog/static/stylesheets/jquery.snippet.min.css HTTP/1.1" 200 6064 
0:0:0:0:0:0:0:1 -  -  [27/Feb/2014:19:57:55 +0000] "GET /blog/static/stylesheets/main.css HTTP/1.1" 200 768 
0:0:0:0:0:0:0:1 -  -  [27/Feb/2014:19:57:55 +0000] "GET /blog/static/javascripts/jquery-1.4.4.min.js HTTP/1.1" 200 27106 
0:0:0:0:0:0:0:1 -  -  [27/Feb/2014:19:57:55 +0000] "GET /blog/static/javascripts/jquery-ui-1.8.6.custom.min.js HTTP/1.1" 200 51259 
0:0:0:0:0:0:0:1 -  -  [27/Feb/2014:19:57:55 +0000] "GET /blog/static/javascripts/jquery.snippet.min.js HTTP/1.1" 200 9248 
0:0:0:0:0:0:0:1 -  -  [27/Feb/2014:19:57:55 +0000] "GET /blog/static/javascripts/app.js HTTP/1.1" 200 519 
0:0:0:0:0:0:0:1 -  -  [27/Feb/2014:19:57:55 +0000] "GET /blog/static/javascripts/sh_properties.min.js HTTP/1.1" 200 155 
0:0:0:0:0:0:0:1 -  -  [27/Feb/2014:19:57:55 +0000] "GET /blog/static/javascripts/scooter.js HTTP/1.1" 200 945 
0:0:0:0:0:0:0:1 -  -  [27/Feb/2014:19:57:57 +0000] "GET /blog/posts/add HTTP/1.1" 200 904 
0:0:0:0:0:0:0:1 -  -  [27/Feb/2014:19:58:24 +0000] "POST /blog/posts HTTP/1.1" 302 0 
0:0:0:0:0:0:0:1 -  -  [27/Feb/2014:19:58:24 +0000] "GET /blog/posts HTTP/1.1" 200 1129 
0:0:0:0:0:0:0:1 -  -  [27/Feb/2014:19:58:33 +0000] "GET /blog/posts/1 HTTP/1.1" 200 1032 
0:0:0:0:0:0:0:1 -  -  [27/Feb/2014:20:01:09 +0000] "GET /blog/posts/ HTTP/1.1" 200 1087 
0:0:0:0:0:0:0:1 -  -  [27/Feb/2014:20:01:12 +0000] "GET /blog/posts/1 HTTP/1.1" 200 1030 
0:0:0:0:0:0:0:1 -  -  [27/Feb/2014:20:01:31 +0000] "POST /blog/posts/1/comments HTTP/1.1" 302 0 
0:0:0:0:0:0:0:1 -  -  [27/Feb/2014:20:01:31 +0000] "GET /blog/posts/1 HTTP/1.1" 200 1030 
0:0:0:0:0:0:0:1 -  -  [27/Feb/2014:20:01:45 +0000] "POST /blog/posts/1/comments HTTP/1.1" 302 0 
0:0:0:0:0:0:0:1 -  -  [27/Feb/2014:20:01:45 +0000] "GET /blog/posts/1 HTTP/1.1" 200 1030 
0:0:0:0:0:0:0:1 -  -  [27/Feb/2014:20:03:01 +0000] "GET /blog/posts/1 HTTP/1.1" 200 1127 
0:0:0:0:0:0:0:1 -  -  [27/Feb/2014:20:03:02 +0000] "GET /blog/static/stylesheets/main.css HTTP/1.1" 304 0 
0:0:0:0:0:0:0:1 -  -  [27/Feb/2014:20:03:02 +0000] "GET /blog/static/javascripts/jquery.snippet.min.js HTTP/1.1" 304 0 
0:0:0:0:0:0:0:1 -  -  [27/Feb/2014:20:03:02 +0000] "GET /blog/static/stylesheets/jquery.snippet.min.css HTTP/1.1" 304 0 
0:0:0:0:0:0:0:1 -  -  [27/Feb/2014:20:03:02 +0000] "GET /blog/static/javascripts/jquery-1.4.4.min.js HTTP/1.1" 304 0 
0:0:0:0:0:0:0:1 -  -  [27/Feb/2014:20:03:02 +0000] "GET /blog/static/javascripts/jquery-ui-1.8.6.custom.min.js HTTP/1.1" 304 0 
0:0:0:0:0:0:0:1 -  -  [27/Feb/2014:20:03:02 +0000] "GET /blog/static/javascripts/sh_properties.min.js HTTP/1.1" 304 0 
0:0:0:0:0:0:0:1 -  -  [27/Feb/2014:20:03:02 +0000] "GET /blog/static/javascripts/scooter.js HTTP/1.1" 304 0 
0:0:0:0:0:0:0:1 -  -  [27/Feb/2014:20:03:02 +0000] "GET /blog/static/javascripts/app.js HTTP/1.1" 304 0 
0:0:0:0:0:0:0:1 -  -  [27/Feb/2014:20:03:02 +0000] "GET /blog/static/stylesheets/jquery-ui-1.8.6.custom.css HTTP/1.1" 304 0 
0:0:0:0:0:0:0:1 -  -  [27/Feb/2014:20:03:21 +0000] "GET /blog/posts HTTP/1.1" 200 1087 
0:0:0:0:0:0:0:1 -  -  [27/Feb/2014:20:03:26 +0000] "GET /blog/posts?paged=true HTTP/1.1" 200 1340 
0:0:0:0:0:0:0:1 -  -  [27/Feb/2014:20:08:20 +0000] "GET /blog/posts HTTP/1.1" 200 1057 
0:0:0:0:0:0:0:1 -  -  [27/Feb/2014:20:08:34 +0000] "GET /blog/posts/1 HTTP/1.1" 200 1109 
0:0:0:0:0:0:0:1 -  -  [27/Feb/2014:20:08:42 +0000] "GET /blog/about HTTP/1.1" 200 679 
0:0:0:0:0:0:0:1 -  -  [27/Feb/2014:20:08:45 +0000] "GET /blog/contact HTTP/1.1" 200 785 
0:0:0:0:0:0:0:1 -  -  [27/Feb/2014:20:08:50 +0000] "GET /blog/ HTTP/1.1" 200 907 
0:0:0:0:0:0:0:1 -  -  [27/Feb/2014:20:08:59 +0000] "GET /blog/admin/site HTTP/1.1" 302 0 
0:0:0:0:0:0:0:1 -  -  [27/Feb/2014:20:08:59 +0000] "GET /blog/admin/signon/login HTTP/1.1" 200 921 
0:0:0:0:0:0:0:1 -  -  [27/Feb/2014:20:09:08 +0000] "GET /blog/admin/site HTTP/1.1" 302 0 
0:0:0:0:0:0:0:1 -  -  [27/Feb/2014:20:09:08 +0000] "GET /blog/admin/signon/login HTTP/1.1" 200 921 
0:0:0:0:0:0:0:1 -  -  [27/Feb/2014:20:09:13 +0000] "POST /blog/admin/signon/authenticate HTTP/1.1" 302 0 
0:0:0:0:0:0:0:1 -  -  [27/Feb/2014:20:09:13 +0000] "GET /blog/admin/signon/main HTTP/1.1" 200 872 
0:0:0:0:0:0:0:1 -  -  [27/Feb/2014:20:09:16 +0000] "GET /blog/admin/signon/logout HTTP/1.1" 200 866 
0:0:0:0:0:0:0:1 -  -  [27/Feb/2014:20:09:19 +0000] "GET /blog/ HTTP/1.1" 200 907 
0:0:0:0:0:0:0:1 -  -  [27/Feb/2014:20:09:27 +0000] "GET /blog/posts HTTP/1.1" 200 1057 
0:0:0:0:0:0:0:1 -  -  [27/Feb/2014:20:09:56 +0000] "GET /blog/posts/1 HTTP/1.1" 200 1109 
0:0:0:0:0:0:0:1 -  -  [27/Feb/2014:20:11:51 +0000] "GET /blog/posts/ HTTP/1.1" 200 1070 
0:0:0:0:0:0:0:1 -  -  [27/Feb/2014:20:11:55 +0000] "GET /blog/posts/1 HTTP/1.1" 200 1103 
0:0:0:0:0:0:0:1 -  -  [27/Feb/2014:20:12:01 +0000] "GET /blog/posts HTTP/1.1" 200 1070 
0:0:0:0:0:0:0:1 -  -  [27/Feb/2014:20:12:05 +0000] "GET /blog/posts?paged=true HTTP/1.1" 200 1319 
0:0:0:0:0:0:0:1 -  -  [27/Feb/2014:20:12:50 +0000] "GET /blog/posts?paged=true HTTP/1.1" 200 1328 
0:0:0:0:0:0:0:1 -  -  [27/Feb/2014:20:12:51 +0000] "GET /blog/static/stylesheets/jquery.snippet.min.css HTTP/1.1" 304 0 
0:0:0:0:0:0:0:1 -  -  [27/Feb/2014:20:12:51 +0000] "GET /blog/static/stylesheets/main.css HTTP/1.1" 304 0 
0:0:0:0:0:0:0:1 -  -  [27/Feb/2014:20:12:51 +0000] "GET /blog/static/javascripts/jquery-1.4.4.min.js HTTP/1.1" 304 0 
0:0:0:0:0:0:0:1 -  -  [27/Feb/2014:20:12:51 +0000] "GET /blog/static/javascripts/jquery.snippet.min.js HTTP/1.1" 304 0 
0:0:0:0:0:0:0:1 -  -  [27/Feb/2014:20:12:51 +0000] "GET /blog/static/javascripts/jquery-ui-1.8.6.custom.min.js HTTP/1.1" 304 0 
0:0:0:0:0:0:0:1 -  -  [27/Feb/2014:20:12:51 +0000] "GET /blog/static/javascripts/scooter.js HTTP/1.1" 304 0 
0:0:0:0:0:0:0:1 -  -  [27/Feb/2014:20:12:51 +0000] "GET /blog/static/javascripts/sh_properties.min.js HTTP/1.1" 304 0 
0:0:0:0:0:0:0:1 -  -  [27/Feb/2014:20:12:51 +0000] "GET /blog/static/stylesheets/jquery-ui-1.8.6.custom.css HTTP/1.1" 304 0 
0:0:0:0:0:0:0:1 -  -  [27/Feb/2014:20:12:51 +0000] "GET /blog/static/javascripts/app.js HTTP/1.1" 304 0 
0:0:0:0:0:0:0:1 -  -  [27/Feb/2014:20:19:45 +0000] "GET /blog/ HTTP/1.1" 200 907 
0:0:0:0:0:0:0:1 -  -  [27/Feb/2014:20:19:48 +0000] "GET /blog/posts HTTP/1.1" 200 1070 
0:0:0:0:0:0:0:1 -  -  [27/Feb/2014:20:25:48 +0000] "GET /blog/admin HTTP/1.1" 200 912 
0:0:0:0:0:0:0:1 -  -  [27/Feb/2014:20:25:54 +0000] "POST /blog/admin/signon/authenticate HTTP/1.1" 302 0 
0:0:0:0:0:0:0:1 -  -  [27/Feb/2014:20:25:54 +0000] "GET /blog/admin/signon/main HTTP/1.1" 200 872 
